{"/Users/niyashameed/Development/Projects/DSA/Javascript/Algorithms/bubblesort/BubbleSort.js": {"path":"/Users/niyashameed/Development/Projects/DSA/Javascript/Algorithms/bubblesort/BubbleSort.js","statementMap":{"0":{"start":{"line":1,"column":20},"end":{"line":5,"column":1}},"1":{"start":{"line":2,"column":17},"end":{"line":2,"column":25}},"2":{"start":{"line":3,"column":4},"end":{"line":3,"column":23}},"3":{"start":{"line":4,"column":4},"end":{"line":4,"column":19}},"4":{"start":{"line":10,"column":4},"end":{"line":16,"column":5}},"5":{"start":{"line":10,"column":17},"end":{"line":10,"column":18}},"6":{"start":{"line":11,"column":8},"end":{"line":15,"column":9}},"7":{"start":{"line":11,"column":21},"end":{"line":11,"column":22}},"8":{"start":{"line":12,"column":12},"end":{"line":14,"column":13}},"9":{"start":{"line":13,"column":16},"end":{"line":13,"column":44}},"10":{"start":{"line":18,"column":4},"end":{"line":18,"column":16}},"11":{"start":{"line":21,"column":0},"end":{"line":21,"column":27}}},"fnMap":{"0":{"name":"(anonymous_0)","decl":{"start":{"line":1,"column":20},"end":{"line":1,"column":21}},"loc":{"start":{"line":1,"column":37},"end":{"line":5,"column":1}},"line":1},"1":{"name":"bubbleSort","decl":{"start":{"line":8,"column":9},"end":{"line":8,"column":19}},"loc":{"start":{"line":8,"column":27},"end":{"line":19,"column":1}},"line":8}},"branchMap":{"0":{"loc":{"start":{"line":12,"column":12},"end":{"line":14,"column":13}},"type":"if","locations":[{"start":{"line":12,"column":12},"end":{"line":14,"column":13}},{"start":{},"end":{}}],"line":12}},"s":{"0":1,"1":52,"2":52,"3":52,"4":2,"5":2,"6":32,"7":32,"8":512,"9":52,"10":2,"11":1},"f":{"0":52,"1":2},"b":{"0":[52,460]},"_coverageSchema":"1a1c01bbd47fc00a2c39e90264f33305004495a9","hash":"bf106d78f5796772f2d1e507bd48a4a6e1965942"}
,"/Users/niyashameed/Development/Projects/DSA/Javascript/Algorithms/insertionsort/InsertionSort.js": {"path":"/Users/niyashameed/Development/Projects/DSA/Javascript/Algorithms/insertionsort/InsertionSort.js","statementMap":{"0":{"start":{"line":1,"column":20},"end":{"line":5,"column":1}},"1":{"start":{"line":2,"column":17},"end":{"line":2,"column":25}},"2":{"start":{"line":3,"column":4},"end":{"line":3,"column":23}},"3":{"start":{"line":4,"column":4},"end":{"line":4,"column":19}},"4":{"start":{"line":9,"column":4},"end":{"line":16,"column":5}},"5":{"start":{"line":9,"column":17},"end":{"line":9,"column":18}},"6":{"start":{"line":10,"column":8},"end":{"line":15,"column":9}},"7":{"start":{"line":10,"column":21},"end":{"line":10,"column":22}},"8":{"start":{"line":11,"column":12},"end":{"line":13,"column":13}},"9":{"start":{"line":12,"column":16},"end":{"line":12,"column":21}},"10":{"start":{"line":14,"column":12},"end":{"line":14,"column":40}},"11":{"start":{"line":18,"column":4},"end":{"line":18,"column":16}},"12":{"start":{"line":21,"column":0},"end":{"line":21,"column":30}}},"fnMap":{"0":{"name":"(anonymous_0)","decl":{"start":{"line":1,"column":20},"end":{"line":1,"column":21}},"loc":{"start":{"line":1,"column":38},"end":{"line":5,"column":1}},"line":1},"1":{"name":"insertionSort","decl":{"start":{"line":7,"column":9},"end":{"line":7,"column":22}},"loc":{"start":{"line":7,"column":30},"end":{"line":19,"column":1}},"line":7}},"branchMap":{"0":{"loc":{"start":{"line":11,"column":12},"end":{"line":13,"column":13}},"type":"if","locations":[{"start":{"line":11,"column":12},"end":{"line":13,"column":13}},{"start":{},"end":{}}],"line":11}},"s":{"0":1,"1":56,"2":56,"3":56,"4":2,"5":2,"6":17,"7":17,"8":71,"9":15,"10":56,"11":2,"12":1},"f":{"0":56,"1":2},"b":{"0":[15,56]},"_coverageSchema":"1a1c01bbd47fc00a2c39e90264f33305004495a9","hash":"7197d3fa2094349d475da0d685953e54063d9601"}
,"/Users/niyashameed/Development/Projects/DSA/Javascript/Algorithms/pairwise/Pairwise.js": {"path":"/Users/niyashameed/Development/Projects/DSA/Javascript/Algorithms/pairwise/Pairwise.js","statementMap":{"0":{"start":{"line":3,"column":24},"end":{"line":3,"column":26}},"1":{"start":{"line":4,"column":19},"end":{"line":4,"column":20}},"2":{"start":{"line":5,"column":4},"end":{"line":20,"column":5}},"3":{"start":{"line":5,"column":17},"end":{"line":5,"column":18}},"4":{"start":{"line":6,"column":8},"end":{"line":6,"column":50}},"5":{"start":{"line":6,"column":42},"end":{"line":6,"column":50}},"6":{"start":{"line":7,"column":28},"end":{"line":7,"column":53}},"7":{"start":{"line":8,"column":8},"end":{"line":19,"column":9}},"8":{"start":{"line":9,"column":12},"end":{"line":18,"column":13}},"9":{"start":{"line":10,"column":16},"end":{"line":10,"column":45}},"10":{"start":{"line":11,"column":16},"end":{"line":11,"column":42}},"11":{"start":{"line":12,"column":16},"end":{"line":12,"column":54}},"12":{"start":{"line":13,"column":16},"end":{"line":13,"column":21}},"13":{"start":{"line":15,"column":16},"end":{"line":15,"column":59}},"14":{"start":{"line":15,"column":54},"end":{"line":15,"column":59}},"15":{"start":{"line":16,"column":16},"end":{"line":16,"column":84}},"16":{"start":{"line":16,"column":79},"end":{"line":16,"column":84}},"17":{"start":{"line":17,"column":16},"end":{"line":17,"column":87}},"18":{"start":{"line":22,"column":4},"end":{"line":22,"column":19}},"19":{"start":{"line":25,"column":0},"end":{"line":25,"column":25}}},"fnMap":{"0":{"name":"pairwise","decl":{"start":{"line":1,"column":9},"end":{"line":1,"column":17}},"loc":{"start":{"line":1,"column":28},"end":{"line":23,"column":1}},"line":1}},"branchMap":{"0":{"loc":{"start":{"line":6,"column":8},"end":{"line":6,"column":50}},"type":"if","locations":[{"start":{"line":6,"column":8},"end":{"line":6,"column":50}},{"start":{},"end":{}}],"line":6},"1":{"loc":{"start":{"line":9,"column":12},"end":{"line":18,"column":13}},"type":"if","locations":[{"start":{"line":9,"column":12},"end":{"line":18,"column":13}},{"start":{"line":14,"column":19},"end":{"line":18,"column":13}}],"line":9},"2":{"loc":{"start":{"line":9,"column":16},"end":{"line":9,"column":71}},"type":"binary-expr","locations":[{"start":{"line":9,"column":16},"end":{"line":9,"column":35}},{"start":{"line":9,"column":39},"end":{"line":9,"column":71}}],"line":9},"3":{"loc":{"start":{"line":15,"column":16},"end":{"line":15,"column":59}},"type":"if","locations":[{"start":{"line":15,"column":16},"end":{"line":15,"column":59}},{"start":{},"end":{}}],"line":15},"4":{"loc":{"start":{"line":16,"column":16},"end":{"line":16,"column":84}},"type":"if","locations":[{"start":{"line":16,"column":16},"end":{"line":16,"column":84}},{"start":{},"end":{}}],"line":16}},"s":{"0":5,"1":5,"2":5,"3":5,"4":19,"5":6,"6":13,"7":13,"8":16,"9":6,"10":6,"11":6,"12":6,"13":10,"14":3,"15":7,"16":1,"17":6,"18":5,"19":1},"f":{"0":5},"b":{"0":[6,13],"1":[6,10],"2":[16,13],"3":[3,7],"4":[1,6]},"_coverageSchema":"1a1c01bbd47fc00a2c39e90264f33305004495a9","hash":"8f7cb36c6cec2004000540a8f031083c126bf737"}
,"/Users/niyashameed/Development/Projects/DSA/Javascript/Algorithms/selectionsort/SelectionSort.js": {"path":"/Users/niyashameed/Development/Projects/DSA/Javascript/Algorithms/selectionsort/SelectionSort.js","statementMap":{"0":{"start":{"line":1,"column":20},"end":{"line":5,"column":1}},"1":{"start":{"line":2,"column":17},"end":{"line":2,"column":25}},"2":{"start":{"line":3,"column":4},"end":{"line":3,"column":23}},"3":{"start":{"line":4,"column":4},"end":{"line":4,"column":20}},"4":{"start":{"line":10,"column":4},"end":{"line":18,"column":5}},"5":{"start":{"line":10,"column":17},"end":{"line":10,"column":18}},"6":{"start":{"line":11,"column":28},"end":{"line":11,"column":29}},"7":{"start":{"line":12,"column":8},"end":{"line":16,"column":9}},"8":{"start":{"line":12,"column":21},"end":{"line":12,"column":22}},"9":{"start":{"line":13,"column":12},"end":{"line":15,"column":13}},"10":{"start":{"line":14,"column":16},"end":{"line":14,"column":33}},"11":{"start":{"line":17,"column":8},"end":{"line":17,"column":44}},"12":{"start":{"line":20,"column":4},"end":{"line":20,"column":16}},"13":{"start":{"line":23,"column":0},"end":{"line":23,"column":30}}},"fnMap":{"0":{"name":"(anonymous_0)","decl":{"start":{"line":1,"column":20},"end":{"line":1,"column":21}},"loc":{"start":{"line":1,"column":37},"end":{"line":5,"column":1}},"line":1},"1":{"name":"selectionSort","decl":{"start":{"line":8,"column":9},"end":{"line":8,"column":22}},"loc":{"start":{"line":8,"column":30},"end":{"line":21,"column":1}},"line":8}},"branchMap":{"0":{"loc":{"start":{"line":13,"column":12},"end":{"line":15,"column":13}},"type":"if","locations":[{"start":{"line":13,"column":12},"end":{"line":15,"column":13}},{"start":{},"end":{}}],"line":13}},"s":{"0":1,"1":34,"2":34,"3":34,"4":2,"5":2,"6":34,"7":34,"8":34,"9":306,"10":38,"11":34,"12":2,"13":1},"f":{"0":34,"1":2},"b":{"0":[38,268]},"_coverageSchema":"1a1c01bbd47fc00a2c39e90264f33305004495a9","hash":"3f34f98ea24f5245752c55134a58f3147db8d1e5"}
}
