TN:
SF:Algorithms/bubblesort/BubbleSort.js
FN:1,(anonymous_0)
FN:8,bubbleSort
FNF:2
FNH:2
FNDA:52,(anonymous_0)
FNDA:2,bubbleSort
DA:1,1
DA:2,52
DA:3,52
DA:4,52
DA:10,2
DA:11,32
DA:12,512
DA:13,52
DA:18,2
DA:21,1
LF:10
LH:10
BRDA:12,0,0,52
BRDA:12,0,1,460
BRF:2
BRH:2
end_of_record
TN:
SF:Algorithms/insertionsort/InsertionSort.js
FN:1,(anonymous_0)
FN:7,insertionSort
FNF:2
FNH:2
FNDA:56,(anonymous_0)
FNDA:2,insertionSort
DA:1,1
DA:2,56
DA:3,56
DA:4,56
DA:9,2
DA:10,17
DA:11,71
DA:12,15
DA:14,56
DA:18,2
DA:21,1
LF:11
LH:11
BRDA:11,0,0,15
BRDA:11,0,1,56
BRF:2
BRH:2
end_of_record
TN:
SF:Algorithms/pairwise/Pairwise.js
FN:1,pairwise
FNF:1
FNH:1
FNDA:5,pairwise
DA:3,5
DA:4,5
DA:5,5
DA:6,19
DA:7,13
DA:8,13
DA:9,16
DA:10,6
DA:11,6
DA:12,6
DA:13,6
DA:15,10
DA:16,7
DA:17,6
DA:22,5
DA:25,1
LF:16
LH:16
BRDA:6,0,0,6
BRDA:6,0,1,13
BRDA:9,1,0,6
BRDA:9,1,1,10
BRDA:9,2,0,16
BRDA:9,2,1,13
BRDA:15,3,0,3
BRDA:15,3,1,7
BRDA:16,4,0,1
BRDA:16,4,1,6
BRF:10
BRH:10
end_of_record
TN:
SF:Algorithms/selectionsort/SelectionSort.js
FN:1,(anonymous_0)
FN:8,selectionSort
FNF:2
FNH:2
FNDA:34,(anonymous_0)
FNDA:2,selectionSort
DA:1,1
DA:2,34
DA:3,34
DA:4,34
DA:10,2
DA:11,34
DA:12,34
DA:13,306
DA:14,38
DA:17,34
DA:20,2
DA:23,1
LF:12
LH:12
BRDA:13,0,0,38
BRDA:13,0,1,268
BRF:2
BRH:2
end_of_record
